
*** Running vivado
    with args -log sintesis_MIPSMulticiclo.vds -m64 -product Vivado -mode batch -messageDb vivado.pb -notrace -source sintesis_MIPSMulticiclo.tcl



****** Vivado v2020.2 (64-bit)
  **** SW Build 3064766 on Wed Nov 18 09:12:45 MST 2020
  **** IP Build 3064653 on Wed Nov 18 14:17:31 MST 2020
    ** Copyright 1986-2020 Xilinx, Inc. All Rights Reserved.

source sintesis_MIPSMulticiclo.tcl -notrace
Command: synth_design -top sintesis_MIPSMulticiclo -part xc7a35tcpg236-1
Starting synth_design
INFO: [IP_Flow 19-2162] IP 'DCM_100MHz_10MHz' is locked:
* IP definition 'Clocking Wizard (6.0)' for IP 'DCM_100MHz_10MHz' (customized with software release 2019.1) has a different revision in the IP Catalog.
Attempting to get a license for feature 'Synthesis' and/or device 'xc7a35t'
INFO: [Common 17-349] Got license for feature 'Synthesis' and/or device 'xc7a35t'
INFO: [Device 21-403] Loading part xc7a35tcpg236-1
INFO: [Synth 8-7079] Multithreading enabled for synth_design using a maximum of 2 processes.
INFO: [Synth 8-7078] Launching helper process for spawning children vivado processes
INFO: [Synth 8-7075] Helper process launched with PID 6620
---------------------------------------------------------------------------------
Starting RTL Elaboration : Time (s): cpu = 00:00:04 ; elapsed = 00:00:03 . Memory (MB): peak = 1209.801 ; gain = 47.426
---------------------------------------------------------------------------------
INFO: [Synth 8-638] synthesizing module 'sintesis_MIPSMulticiclo' [C:/Users/usuario_local/Desktop/MIPSMulticiclo_R3yModoDepuracion/MIPSMulticiclo_R3yModoDepuracion.srcs/sources_1/imports/ficheros/sintesis_MIPSMulticiclo.vhd:16]
INFO: [Synth 8-3491] module 'DCM_100MHz_10MHz' declared at 'C:/Users/usuario_local/Desktop/MIPSMulticiclo_R3yModoDepuracion/MIPSMulticiclo_R3yModoDepuracion.runs/synth_1/.Xil/Vivado-8220-PTO0814/realtime/DCM_100MHz_10MHz_stub.vhdl:5' bound to instance 'reloj' of component 'DCM_100MHz_10MHz' [C:/Users/usuario_local/Desktop/MIPSMulticiclo_R3yModoDepuracion/MIPSMulticiclo_R3yModoDepuracion.srcs/sources_1/imports/ficheros/sintesis_MIPSMulticiclo.vhd:69]
INFO: [Synth 8-638] synthesizing module 'DCM_100MHz_10MHz' [C:/Users/usuario_local/Desktop/MIPSMulticiclo_R3yModoDepuracion/MIPSMulticiclo_R3yModoDepuracion.runs/synth_1/.Xil/Vivado-8220-PTO0814/realtime/DCM_100MHz_10MHz_stub.vhdl:13]
	Parameter FREQ bound to: 10000 - type: integer 
	Parameter BOUNCE bound to: 100 - type: integer 
INFO: [Synth 8-3491] module 'debouncer' declared at 'C:/Users/usuario_local/Desktop/MIPSMulticiclo_R3yModoDepuracion/MIPSMulticiclo_R3yModoDepuracion.srcs/sources_1/imports/ficheros/debouncer.vhd:5' bound to instance 'eliminadorRebotesModo' of component 'debouncer' [C:/Users/usuario_local/Desktop/MIPSMulticiclo_R3yModoDepuracion/MIPSMulticiclo_R3yModoDepuracion.srcs/sources_1/imports/ficheros/sintesis_MIPSMulticiclo.vhd:71]
INFO: [Synth 8-638] synthesizing module 'debouncer' [C:/Users/usuario_local/Desktop/MIPSMulticiclo_R3yModoDepuracion/MIPSMulticiclo_R3yModoDepuracion.srcs/sources_1/imports/ficheros/debouncer.vhd:20]
	Parameter FREQ bound to: 10000 - type: integer 
	Parameter BOUNCE bound to: 100 - type: integer 
INFO: [Synth 8-256] done synthesizing module 'debouncer' (1#1) [C:/Users/usuario_local/Desktop/MIPSMulticiclo_R3yModoDepuracion/MIPSMulticiclo_R3yModoDepuracion.srcs/sources_1/imports/ficheros/debouncer.vhd:20]
INFO: [Synth 8-3491] module 'MIPS_multiciclo' declared at 'C:/Users/usuario_local/Desktop/MIPSMulticiclo_R3yModoDepuracion/MIPSMulticiclo_R3yModoDepuracion.srcs/sources_1/imports/ficheros/MIPs_multiciclo.vhd:34' bound to instance 'MIPs' of component 'MIPs_multiciclo' [C:/Users/usuario_local/Desktop/MIPSMulticiclo_R3yModoDepuracion/MIPSMulticiclo_R3yModoDepuracion.srcs/sources_1/imports/ficheros/sintesis_MIPSMulticiclo.vhd:73]
INFO: [Synth 8-638] synthesizing module 'MIPS_multiciclo' [C:/Users/usuario_local/Desktop/MIPSMulticiclo_R3yModoDepuracion/MIPSMulticiclo_R3yModoDepuracion.srcs/sources_1/imports/ficheros/MIPs_multiciclo.vhd:45]
INFO: [Synth 8-3491] module 'unidadDeControl' declared at 'C:/Users/usuario_local/Desktop/MIPSMulticiclo_R3yModoDepuracion/MIPSMulticiclo_R3yModoDepuracion.srcs/sources_1/imports/ficheros/unidadDeControl.vhd:4' bound to instance 'UC' of component 'unidadDeControl' [C:/Users/usuario_local/Desktop/MIPSMulticiclo_R3yModoDepuracion/MIPSMulticiclo_R3yModoDepuracion.srcs/sources_1/imports/ficheros/MIPs_multiciclo.vhd:75]
INFO: [Synth 8-638] synthesizing module 'unidadDeControl' [C:/Users/usuario_local/Desktop/MIPSMulticiclo_R3yModoDepuracion/MIPSMulticiclo_R3yModoDepuracion.srcs/sources_1/imports/ficheros/unidadDeControl.vhd:16]
INFO: [Synth 8-256] done synthesizing module 'unidadDeControl' (2#1) [C:/Users/usuario_local/Desktop/MIPSMulticiclo_R3yModoDepuracion/MIPSMulticiclo_R3yModoDepuracion.srcs/sources_1/imports/ficheros/unidadDeControl.vhd:16]
INFO: [Synth 8-3491] module 'rutaDeDatos' declared at 'C:/Users/usuario_local/Desktop/MIPSMulticiclo_R3yModoDepuracion/MIPSMulticiclo_R3yModoDepuracion.srcs/sources_1/imports/ficheros/rutaDeDatos.vhd:4' bound to instance 'RD' of component 'rutaDeDatos' [C:/Users/usuario_local/Desktop/MIPSMulticiclo_R3yModoDepuracion/MIPSMulticiclo_R3yModoDepuracion.srcs/sources_1/imports/ficheros/MIPs_multiciclo.vhd:77]
INFO: [Synth 8-638] synthesizing module 'rutaDeDatos' [C:/Users/usuario_local/Desktop/MIPSMulticiclo_R3yModoDepuracion/MIPSMulticiclo_R3yModoDepuracion.srcs/sources_1/imports/ficheros/rutaDeDatos.vhd:16]
	Parameter n bound to: 32 - type: integer 
INFO: [Synth 8-3491] module 'registro' declared at 'C:/Users/usuario_local/Desktop/MIPSMulticiclo_R3yModoDepuracion/MIPSMulticiclo_R3yModoDepuracion.srcs/sources_1/imports/ficheros/registro.vhd:4' bound to instance 'reg_PC' of component 'registro' [C:/Users/usuario_local/Desktop/MIPSMulticiclo_R3yModoDepuracion/MIPSMulticiclo_R3yModoDepuracion.srcs/sources_1/imports/ficheros/rutaDeDatos.vhd:140]
INFO: [Synth 8-638] synthesizing module 'registro' [C:/Users/usuario_local/Desktop/MIPSMulticiclo_R3yModoDepuracion/MIPSMulticiclo_R3yModoDepuracion.srcs/sources_1/imports/ficheros/registro.vhd:17]
	Parameter n bound to: 32 - type: integer 
INFO: [Synth 8-256] done synthesizing module 'registro' (3#1) [C:/Users/usuario_local/Desktop/MIPSMulticiclo_R3yModoDepuracion/MIPSMulticiclo_R3yModoDepuracion.srcs/sources_1/imports/ficheros/registro.vhd:17]
	Parameter bits_entradas bound to: 32 - type: integer 
INFO: [Synth 8-3491] module 'multiplexor2a1' declared at 'C:/Users/usuario_local/Desktop/MIPSMulticiclo_R3yModoDepuracion/MIPSMulticiclo_R3yModoDepuracion.srcs/sources_1/imports/ficheros/multiplexor2a1.vhd:4' bound to instance 'mux_IorD' of component 'multiplexor2a1' [C:/Users/usuario_local/Desktop/MIPSMulticiclo_R3yModoDepuracion/MIPSMulticiclo_R3yModoDepuracion.srcs/sources_1/imports/ficheros/rutaDeDatos.vhd:142]
INFO: [Synth 8-638] synthesizing module 'multiplexor2a1' [C:/Users/usuario_local/Desktop/MIPSMulticiclo_R3yModoDepuracion/MIPSMulticiclo_R3yModoDepuracion.srcs/sources_1/imports/ficheros/multiplexor2a1.vhd:16]
	Parameter bits_entradas bound to: 32 - type: integer 
INFO: [Synth 8-256] done synthesizing module 'multiplexor2a1' (4#1) [C:/Users/usuario_local/Desktop/MIPSMulticiclo_R3yModoDepuracion/MIPSMulticiclo_R3yModoDepuracion.srcs/sources_1/imports/ficheros/multiplexor2a1.vhd:16]
INFO: [Synth 8-3491] module 'memoria' declared at 'C:/Users/usuario_local/Desktop/MIPSMulticiclo_R3yModoDepuracion/MIPSMulticiclo_R3yModoDepuracion.srcs/sources_1/imports/ficheros/memoria.vhd:4' bound to instance 'mem' of component 'memoria' [C:/Users/usuario_local/Desktop/MIPSMulticiclo_R3yModoDepuracion/MIPSMulticiclo_R3yModoDepuracion.srcs/sources_1/imports/ficheros/rutaDeDatos.vhd:144]
INFO: [Synth 8-638] synthesizing module 'memoria' [C:/Users/usuario_local/Desktop/MIPSMulticiclo_R3yModoDepuracion/MIPSMulticiclo_R3yModoDepuracion.srcs/sources_1/imports/ficheros/memoria.vhd:15]
INFO: [Synth 8-3491] module 'BlockRam' declared at 'C:/Users/usuario_local/Desktop/MIPSMulticiclo_R3yModoDepuracion/MIPSMulticiclo_R3yModoDepuracion.srcs/sources_1/imports/ficheros/BlockRam.vhd:5' bound to instance 'mem' of component 'BlockRam' [C:/Users/usuario_local/Desktop/MIPSMulticiclo_R3yModoDepuracion/MIPSMulticiclo_R3yModoDepuracion.srcs/sources_1/imports/ficheros/memoria.vhd:53]
INFO: [Synth 8-638] synthesizing module 'BlockRam' [C:/Users/usuario_local/Desktop/MIPSMulticiclo_R3yModoDepuracion/MIPSMulticiclo_R3yModoDepuracion.srcs/sources_1/imports/ficheros/BlockRam.vhd:14]
INFO: [Synth 8-256] done synthesizing module 'BlockRam' (5#1) [C:/Users/usuario_local/Desktop/MIPSMulticiclo_R3yModoDepuracion/MIPSMulticiclo_R3yModoDepuracion.srcs/sources_1/imports/ficheros/BlockRam.vhd:14]
INFO: [Synth 8-256] done synthesizing module 'memoria' (6#1) [C:/Users/usuario_local/Desktop/MIPSMulticiclo_R3yModoDepuracion/MIPSMulticiclo_R3yModoDepuracion.srcs/sources_1/imports/ficheros/memoria.vhd:15]
	Parameter n bound to: 32 - type: integer 
INFO: [Synth 8-3491] module 'registro' declared at 'C:/Users/usuario_local/Desktop/MIPSMulticiclo_R3yModoDepuracion/MIPSMulticiclo_R3yModoDepuracion.srcs/sources_1/imports/ficheros/registro.vhd:4' bound to instance 'reg_IR' of component 'registro' [C:/Users/usuario_local/Desktop/MIPSMulticiclo_R3yModoDepuracion/MIPSMulticiclo_R3yModoDepuracion.srcs/sources_1/imports/ficheros/rutaDeDatos.vhd:146]
	Parameter bits_entradas bound to: 5 - type: integer 
INFO: [Synth 8-3491] module 'multiplexor2a1' declared at 'C:/Users/usuario_local/Desktop/MIPSMulticiclo_R3yModoDepuracion/MIPSMulticiclo_R3yModoDepuracion.srcs/sources_1/imports/ficheros/multiplexor2a1.vhd:4' bound to instance 'mux_RW' of component 'multiplexor2a1' [C:/Users/usuario_local/Desktop/MIPSMulticiclo_R3yModoDepuracion/MIPSMulticiclo_R3yModoDepuracion.srcs/sources_1/imports/ficheros/rutaDeDatos.vhd:148]
INFO: [Synth 8-638] synthesizing module 'multiplexor2a1__parameterized1' [C:/Users/usuario_local/Desktop/MIPSMulticiclo_R3yModoDepuracion/MIPSMulticiclo_R3yModoDepuracion.srcs/sources_1/imports/ficheros/multiplexor2a1.vhd:16]
	Parameter bits_entradas bound to: 5 - type: integer 
INFO: [Synth 8-256] done synthesizing module 'multiplexor2a1__parameterized1' (6#1) [C:/Users/usuario_local/Desktop/MIPSMulticiclo_R3yModoDepuracion/MIPSMulticiclo_R3yModoDepuracion.srcs/sources_1/imports/ficheros/multiplexor2a1.vhd:16]
	Parameter bits_entradas bound to: 32 - type: integer 
INFO: [Synth 8-3491] module 'multiplexor2a1' declared at 'C:/Users/usuario_local/Desktop/MIPSMulticiclo_R3yModoDepuracion/MIPSMulticiclo_R3yModoDepuracion.srcs/sources_1/imports/ficheros/multiplexor2a1.vhd:4' bound to instance 'mux_MDR' of component 'multiplexor2a1' [C:/Users/usuario_local/Desktop/MIPSMulticiclo_R3yModoDepuracion/MIPSMulticiclo_R3yModoDepuracion.srcs/sources_1/imports/ficheros/rutaDeDatos.vhd:150]
	Parameter bits_entradas bound to: 5 - type: integer 
INFO: [Synth 8-3491] module 'multiplexor2a1' declared at 'C:/Users/usuario_local/Desktop/MIPSMulticiclo_R3yModoDepuracion/MIPSMulticiclo_R3yModoDepuracion.srcs/sources_1/imports/ficheros/multiplexor2a1.vhd:4' bound to instance 'muxR3' of component 'multiplexor2a1' [C:/Users/usuario_local/Desktop/MIPSMulticiclo_R3yModoDepuracion/MIPSMulticiclo_R3yModoDepuracion.srcs/sources_1/imports/ficheros/rutaDeDatos.vhd:159]
	Parameter bits_entradas bound to: 32 - type: integer 
INFO: [Synth 8-3491] module 'multiplexor2a1' declared at 'C:/Users/usuario_local/Desktop/MIPSMulticiclo_R3yModoDepuracion/MIPSMulticiclo_R3yModoDepuracion.srcs/sources_1/imports/ficheros/multiplexor2a1.vhd:4' bound to instance 'muxR3_2' of component 'multiplexor2a1' [C:/Users/usuario_local/Desktop/MIPSMulticiclo_R3yModoDepuracion/MIPSMulticiclo_R3yModoDepuracion.srcs/sources_1/imports/ficheros/rutaDeDatos.vhd:160]
INFO: [Synth 8-3491] module 'bancoDeRegistros' declared at 'C:/Users/usuario_local/Desktop/MIPSMulticiclo_R3yModoDepuracion/MIPSMulticiclo_R3yModoDepuracion.srcs/sources_1/imports/ficheros/bancoDeRegistros.vhd:5' bound to instance 'banco_registros' of component 'bancoDeRegistros' [C:/Users/usuario_local/Desktop/MIPSMulticiclo_R3yModoDepuracion/MIPSMulticiclo_R3yModoDepuracion.srcs/sources_1/imports/ficheros/rutaDeDatos.vhd:162]
INFO: [Synth 8-638] synthesizing module 'bancoDeRegistros' [C:/Users/usuario_local/Desktop/MIPSMulticiclo_R3yModoDepuracion/MIPSMulticiclo_R3yModoDepuracion.srcs/sources_1/imports/ficheros/bancoDeRegistros.vhd:20]
INFO: [Synth 8-256] done synthesizing module 'bancoDeRegistros' (7#1) [C:/Users/usuario_local/Desktop/MIPSMulticiclo_R3yModoDepuracion/MIPSMulticiclo_R3yModoDepuracion.srcs/sources_1/imports/ficheros/bancoDeRegistros.vhd:20]
	Parameter n bound to: 32 - type: integer 
INFO: [Synth 8-3491] module 'registro' declared at 'C:/Users/usuario_local/Desktop/MIPSMulticiclo_R3yModoDepuracion/MIPSMulticiclo_R3yModoDepuracion.srcs/sources_1/imports/ficheros/registro.vhd:4' bound to instance 'reg_A' of component 'registro' [C:/Users/usuario_local/Desktop/MIPSMulticiclo_R3yModoDepuracion/MIPSMulticiclo_R3yModoDepuracion.srcs/sources_1/imports/ficheros/rutaDeDatos.vhd:164]
	Parameter n bound to: 32 - type: integer 
INFO: [Synth 8-3491] module 'registro' declared at 'C:/Users/usuario_local/Desktop/MIPSMulticiclo_R3yModoDepuracion/MIPSMulticiclo_R3yModoDepuracion.srcs/sources_1/imports/ficheros/registro.vhd:4' bound to instance 'reg_B' of component 'registro' [C:/Users/usuario_local/Desktop/MIPSMulticiclo_R3yModoDepuracion/MIPSMulticiclo_R3yModoDepuracion.srcs/sources_1/imports/ficheros/rutaDeDatos.vhd:166]
	Parameter bits_entradas bound to: 32 - type: integer 
INFO: [Synth 8-3491] module 'multiplexor2a1' declared at 'C:/Users/usuario_local/Desktop/MIPSMulticiclo_R3yModoDepuracion/MIPSMulticiclo_R3yModoDepuracion.srcs/sources_1/imports/ficheros/multiplexor2a1.vhd:4' bound to instance 'mux_opA' of component 'multiplexor2a1' [C:/Users/usuario_local/Desktop/MIPSMulticiclo_R3yModoDepuracion/MIPSMulticiclo_R3yModoDepuracion.srcs/sources_1/imports/ficheros/rutaDeDatos.vhd:168]
	Parameter bits_entradas bound to: 32 - type: integer 
INFO: [Synth 8-3491] module 'multiplexor4a1' declared at 'C:/Users/usuario_local/Desktop/MIPSMulticiclo_R3yModoDepuracion/MIPSMulticiclo_R3yModoDepuracion.srcs/sources_1/imports/ficheros/multiplexor4a1.vhd:4' bound to instance 'mux_opB' of component 'multiplexor4a1' [C:/Users/usuario_local/Desktop/MIPSMulticiclo_R3yModoDepuracion/MIPSMulticiclo_R3yModoDepuracion.srcs/sources_1/imports/ficheros/rutaDeDatos.vhd:170]
INFO: [Synth 8-638] synthesizing module 'multiplexor4a1' [C:/Users/usuario_local/Desktop/MIPSMulticiclo_R3yModoDepuracion/MIPSMulticiclo_R3yModoDepuracion.srcs/sources_1/imports/ficheros/multiplexor4a1.vhd:18]
	Parameter bits_entradas bound to: 32 - type: integer 
INFO: [Synth 8-256] done synthesizing module 'multiplexor4a1' (8#1) [C:/Users/usuario_local/Desktop/MIPSMulticiclo_R3yModoDepuracion/MIPSMulticiclo_R3yModoDepuracion.srcs/sources_1/imports/ficheros/multiplexor4a1.vhd:18]
INFO: [Synth 8-3491] module 'ALU' declared at 'C:/Users/usuario_local/Desktop/MIPSMulticiclo_R3yModoDepuracion/MIPSMulticiclo_R3yModoDepuracion.srcs/sources_1/imports/ficheros/ALU.vhd:5' bound to instance 'ALU_i' of component 'ALU' [C:/Users/usuario_local/Desktop/MIPSMulticiclo_R3yModoDepuracion/MIPSMulticiclo_R3yModoDepuracion.srcs/sources_1/imports/ficheros/rutaDeDatos.vhd:172]
INFO: [Synth 8-638] synthesizing module 'ALU' [C:/Users/usuario_local/Desktop/MIPSMulticiclo_R3yModoDepuracion/MIPSMulticiclo_R3yModoDepuracion.srcs/sources_1/imports/ficheros/ALU.vhd:16]
INFO: [Synth 8-256] done synthesizing module 'ALU' (9#1) [C:/Users/usuario_local/Desktop/MIPSMulticiclo_R3yModoDepuracion/MIPSMulticiclo_R3yModoDepuracion.srcs/sources_1/imports/ficheros/ALU.vhd:16]
	Parameter n bound to: 32 - type: integer 
INFO: [Synth 8-3491] module 'registro' declared at 'C:/Users/usuario_local/Desktop/MIPSMulticiclo_R3yModoDepuracion/MIPSMulticiclo_R3yModoDepuracion.srcs/sources_1/imports/ficheros/registro.vhd:4' bound to instance 'reg_ALUout' of component 'registro' [C:/Users/usuario_local/Desktop/MIPSMulticiclo_R3yModoDepuracion/MIPSMulticiclo_R3yModoDepuracion.srcs/sources_1/imports/ficheros/rutaDeDatos.vhd:174]
	Parameter bits_entradas bound to: 32 - type: integer 
INFO: [Synth 8-3491] module 'multiplexor2a1' declared at 'C:/Users/usuario_local/Desktop/MIPSMulticiclo_R3yModoDepuracion/MIPSMulticiclo_R3yModoDepuracion.srcs/sources_1/imports/ficheros/multiplexor2a1.vhd:4' bound to instance 'mux_jal' of component 'multiplexor2a1' [C:/Users/usuario_local/Desktop/MIPSMulticiclo_R3yModoDepuracion/MIPSMulticiclo_R3yModoDepuracion.srcs/sources_1/imports/ficheros/rutaDeDatos.vhd:177]
INFO: [Synth 8-256] done synthesizing module 'rutaDeDatos' (10#1) [C:/Users/usuario_local/Desktop/MIPSMulticiclo_R3yModoDepuracion/MIPSMulticiclo_R3yModoDepuracion.srcs/sources_1/imports/ficheros/rutaDeDatos.vhd:16]
INFO: [Synth 8-256] done synthesizing module 'MIPS_multiciclo' (11#1) [C:/Users/usuario_local/Desktop/MIPSMulticiclo_R3yModoDepuracion/MIPSMulticiclo_R3yModoDepuracion.srcs/sources_1/imports/ficheros/MIPs_multiciclo.vhd:45]
INFO: [Synth 8-3491] module 'displays' declared at 'C:/Users/usuario_local/Desktop/MIPSMulticiclo_R3yModoDepuracion/MIPSMulticiclo_R3yModoDepuracion.srcs/sources_1/imports/ficheros/displays.vhd:7' bound to instance 'displays_i' of component 'displays' [C:/Users/usuario_local/Desktop/MIPSMulticiclo_R3yModoDepuracion/MIPSMulticiclo_R3yModoDepuracion.srcs/sources_1/imports/ficheros/sintesis_MIPSMulticiclo.vhd:76]
INFO: [Synth 8-638] synthesizing module 'displays' [C:/Users/usuario_local/Desktop/MIPSMulticiclo_R3yModoDepuracion/MIPSMulticiclo_R3yModoDepuracion.srcs/sources_1/imports/ficheros/displays.vhd:20]
INFO: [Synth 8-3491] module 'conv_7seg' declared at 'C:/Users/usuario_local/Desktop/MIPSMulticiclo_R3yModoDepuracion/MIPSMulticiclo_R3yModoDepuracion.srcs/sources_1/imports/ficheros/conv_7seg.vhd:4' bound to instance 'conv_7seg_digito_0' of component 'conv_7seg' [C:/Users/usuario_local/Desktop/MIPSMulticiclo_R3yModoDepuracion/MIPSMulticiclo_R3yModoDepuracion.srcs/sources_1/imports/ficheros/displays.vhd:36]
INFO: [Synth 8-638] synthesizing module 'conv_7seg' [C:/Users/usuario_local/Desktop/MIPSMulticiclo_R3yModoDepuracion/MIPSMulticiclo_R3yModoDepuracion.srcs/sources_1/imports/ficheros/conv_7seg.vhd:9]
INFO: [Synth 8-256] done synthesizing module 'conv_7seg' (12#1) [C:/Users/usuario_local/Desktop/MIPSMulticiclo_R3yModoDepuracion/MIPSMulticiclo_R3yModoDepuracion.srcs/sources_1/imports/ficheros/conv_7seg.vhd:9]
INFO: [Synth 8-3491] module 'conv_7seg' declared at 'C:/Users/usuario_local/Desktop/MIPSMulticiclo_R3yModoDepuracion/MIPSMulticiclo_R3yModoDepuracion.srcs/sources_1/imports/ficheros/conv_7seg.vhd:4' bound to instance 'conv_7seg_digito_1' of component 'conv_7seg' [C:/Users/usuario_local/Desktop/MIPSMulticiclo_R3yModoDepuracion/MIPSMulticiclo_R3yModoDepuracion.srcs/sources_1/imports/ficheros/displays.vhd:37]
INFO: [Synth 8-3491] module 'conv_7seg' declared at 'C:/Users/usuario_local/Desktop/MIPSMulticiclo_R3yModoDepuracion/MIPSMulticiclo_R3yModoDepuracion.srcs/sources_1/imports/ficheros/conv_7seg.vhd:4' bound to instance 'conv_7seg_digito_2' of component 'conv_7seg' [C:/Users/usuario_local/Desktop/MIPSMulticiclo_R3yModoDepuracion/MIPSMulticiclo_R3yModoDepuracion.srcs/sources_1/imports/ficheros/displays.vhd:38]
INFO: [Synth 8-3491] module 'conv_7seg' declared at 'C:/Users/usuario_local/Desktop/MIPSMulticiclo_R3yModoDepuracion/MIPSMulticiclo_R3yModoDepuracion.srcs/sources_1/imports/ficheros/conv_7seg.vhd:4' bound to instance 'conv_7seg_digito_3' of component 'conv_7seg' [C:/Users/usuario_local/Desktop/MIPSMulticiclo_R3yModoDepuracion/MIPSMulticiclo_R3yModoDepuracion.srcs/sources_1/imports/ficheros/displays.vhd:39]
INFO: [Synth 8-256] done synthesizing module 'displays' (13#1) [C:/Users/usuario_local/Desktop/MIPSMulticiclo_R3yModoDepuracion/MIPSMulticiclo_R3yModoDepuracion.srcs/sources_1/imports/ficheros/displays.vhd:20]
INFO: [Synth 8-256] done synthesizing module 'sintesis_MIPSMulticiclo' (14#1) [C:/Users/usuario_local/Desktop/MIPSMulticiclo_R3yModoDepuracion/MIPSMulticiclo_R3yModoDepuracion.srcs/sources_1/imports/ficheros/sintesis_MIPSMulticiclo.vhd:16]
---------------------------------------------------------------------------------
Finished RTL Elaboration : Time (s): cpu = 00:00:05 ; elapsed = 00:00:04 . Memory (MB): peak = 1266.723 ; gain = 104.348
---------------------------------------------------------------------------------
---------------------------------------------------------------------------------
Start Handling Custom Attributes
---------------------------------------------------------------------------------
---------------------------------------------------------------------------------
Finished Handling Custom Attributes : Time (s): cpu = 00:00:05 ; elapsed = 00:00:05 . Memory (MB): peak = 1284.660 ; gain = 122.285
---------------------------------------------------------------------------------
---------------------------------------------------------------------------------
Finished RTL Optimization Phase 1 : Time (s): cpu = 00:00:05 ; elapsed = 00:00:05 . Memory (MB): peak = 1284.660 ; gain = 122.285
---------------------------------------------------------------------------------
Netlist sorting complete. Time (s): cpu = 00:00:00 ; elapsed = 00:00:00.033 . Memory (MB): peak = 1284.660 ; gain = 0.000
INFO: [Project 1-570] Preparing netlist for logic optimization

Processing XDC Constraints
Initializing timing engine
Parsing XDC File [c:/Users/usuario_local/Desktop/MIPSMulticiclo_R3yModoDepuracion/MIPSMulticiclo_R3yModoDepuracion.srcs/sources_1/ip/DCM_100MHz_10MHz/DCM_100MHz_10MHz/DCM_100MHz_10MHz_in_context.xdc] for cell 'reloj'
Finished Parsing XDC File [c:/Users/usuario_local/Desktop/MIPSMulticiclo_R3yModoDepuracion/MIPSMulticiclo_R3yModoDepuracion.srcs/sources_1/ip/DCM_100MHz_10MHz/DCM_100MHz_10MHz/DCM_100MHz_10MHz_in_context.xdc] for cell 'reloj'
Parsing XDC File [C:/Users/usuario_local/Desktop/MIPSMulticiclo_R3yModoDepuracion/ficheros/Basys3_Master.xdc]
Finished Parsing XDC File [C:/Users/usuario_local/Desktop/MIPSMulticiclo_R3yModoDepuracion/ficheros/Basys3_Master.xdc]
INFO: [Project 1-236] Implementation specific constraints were found while reading constraint file [C:/Users/usuario_local/Desktop/MIPSMulticiclo_R3yModoDepuracion/ficheros/Basys3_Master.xdc]. These constraints will be ignored for synthesis but will be used in implementation. Impacted constraints are listed in the file [.Xil/sintesis_MIPSMulticiclo_propImpl.xdc].
Resolution: To avoid this warning, move constraints listed in [.Xil/sintesis_MIPSMulticiclo_propImpl.xdc] to another XDC file and exclude this new file from synthesis with the used_in_synthesis property (File Properties dialog in GUI) and re-run elaboration/synthesis.
Completed Processing XDC Constraints

Netlist sorting complete. Time (s): cpu = 00:00:00 ; elapsed = 00:00:00 . Memory (MB): peak = 1407.078 ; gain = 0.000
INFO: [Project 1-111] Unisim Transformation Summary:
No Unisim elements were transformed.

Constraint Validation Runtime : Time (s): cpu = 00:00:00 ; elapsed = 00:00:00.007 . Memory (MB): peak = 1407.078 ; gain = 0.000
---------------------------------------------------------------------------------
Finished Constraint Validation : Time (s): cpu = 00:00:11 ; elapsed = 00:00:10 . Memory (MB): peak = 1407.078 ; gain = 244.703
---------------------------------------------------------------------------------
---------------------------------------------------------------------------------
Start Loading Part and Timing Information
---------------------------------------------------------------------------------
Loading part: xc7a35tcpg236-1
---------------------------------------------------------------------------------
Finished Loading Part and Timing Information : Time (s): cpu = 00:00:11 ; elapsed = 00:00:10 . Memory (MB): peak = 1407.078 ; gain = 244.703
---------------------------------------------------------------------------------
---------------------------------------------------------------------------------
Start Applying 'set_property' XDC Constraints
---------------------------------------------------------------------------------
Applied set_property IO_BUFFER_TYPE = NONE for clk. (constraint file  c:/Users/usuario_local/Desktop/MIPSMulticiclo_R3yModoDepuracion/MIPSMulticiclo_R3yModoDepuracion.srcs/sources_1/ip/DCM_100MHz_10MHz/DCM_100MHz_10MHz/DCM_100MHz_10MHz_in_context.xdc, line 3).
Applied set_property CLOCK_BUFFER_TYPE = NONE for clk. (constraint file  c:/Users/usuario_local/Desktop/MIPSMulticiclo_R3yModoDepuracion/MIPSMulticiclo_R3yModoDepuracion.srcs/sources_1/ip/DCM_100MHz_10MHz/DCM_100MHz_10MHz/DCM_100MHz_10MHz_in_context.xdc, line 4).
Applied set_property KEEP_HIERARCHY = SOFT for reloj. (constraint file  auto generated constraint).
---------------------------------------------------------------------------------
Finished applying 'set_property' XDC Constraints : Time (s): cpu = 00:00:11 ; elapsed = 00:00:10 . Memory (MB): peak = 1407.078 ; gain = 244.703
---------------------------------------------------------------------------------
INFO: [Synth 8-802] inferred FSM for state register 'state_reg' in module 'debouncer'
INFO: [Synth 8-802] inferred FSM for state register 'currentState_reg' in module 'unidadDeControl'
---------------------------------------------------------------------------------------------------
                   State |                     New Encoding |                Previous Encoding 
---------------------------------------------------------------------------------------------------
         waitingpression |                               00 |                               00
      pressiondebouncing |                               01 |                               01
       waitingdepression |                               10 |                               10
    depressiondebouncing |                               11 |                               11
---------------------------------------------------------------------------------------------------
INFO: [Synth 8-3354] encoded FSM with state register 'state_reg' using encoding 'sequential' in module 'debouncer'
---------------------------------------------------------------------------------------------------
                   State |                     New Encoding |                Previous Encoding 
---------------------------------------------------------------------------------------------------
                      s0 |                   00000000000001 |                             0000
                      s1 |                   00000000000010 |                             0001
                      s2 |                   00000000000100 |                             0010
                      s8 |                   00000000001000 |                             1000
                      s9 |                   00000000010000 |                             1001
                      s3 |                   00000000100000 |                             0011
                      s4 |                   00000001000000 |                             0100
                      s5 |                   00000010000000 |                             0101
                      s6 |                   00000100000000 |                             0110
                      s7 |                   00001000000000 |                             0111
                     s10 |                   00010000000000 |                             1010
                     s11 |                   00100000000000 |                             1011
                     s13 |                   01000000000000 |                             1101
                     s12 |                   10000000000000 |                             1100
---------------------------------------------------------------------------------------------------
INFO: [Synth 8-3354] encoded FSM with state register 'currentState_reg' using encoding 'one-hot' in module 'unidadDeControl'
---------------------------------------------------------------------------------
Finished RTL Optimization Phase 2 : Time (s): cpu = 00:00:11 ; elapsed = 00:00:11 . Memory (MB): peak = 1407.078 ; gain = 244.703
---------------------------------------------------------------------------------
---------------------------------------------------------------------------------
Start RTL Component Statistics 
---------------------------------------------------------------------------------
Detailed RTL Component Info : 
+---Adders : 
	   3 Input   32 Bit       Adders := 1     
	   2 Input   32 Bit       Adders := 1     
+---XORs : 
	   2 Input     32 Bit         XORs := 1     
+---Registers : 
	               32 Bit    Registers := 38    
	                1 Bit    Registers := 2     
+---RAMs : 
	              16K Bit	(512 X 32 bit)          RAMs := 1     
+---Muxes : 
	   2 Input   32 Bit        Muxes := 7     
	   4 Input   32 Bit        Muxes := 1     
	   6 Input   32 Bit        Muxes := 1     
	  14 Input   21 Bit        Muxes := 1     
	  14 Input   14 Bit        Muxes := 1     
	   6 Input   14 Bit        Muxes := 1     
	   2 Input   14 Bit        Muxes := 1     
	   4 Input    7 Bit        Muxes := 1     
	   2 Input    5 Bit        Muxes := 2     
	   4 Input    4 Bit        Muxes := 1     
	   6 Input    3 Bit        Muxes := 1     
	   4 Input    2 Bit        Muxes := 1     
	   2 Input    2 Bit        Muxes := 1     
	   2 Input    1 Bit        Muxes := 33    
	   4 Input    1 Bit        Muxes := 5     
	  14 Input    1 Bit        Muxes := 1     
---------------------------------------------------------------------------------
Finished RTL Component Statistics 
---------------------------------------------------------------------------------
---------------------------------------------------------------------------------
Start Part Resource Summary
---------------------------------------------------------------------------------
Part Resources:
DSPs: 90 (col length:60)
BRAMs: 100 (col length: RAMB18 60 RAMB36 30)
---------------------------------------------------------------------------------
Finished Part Resource Summary
---------------------------------------------------------------------------------
---------------------------------------------------------------------------------
Start Cross Boundary and Area Optimization
---------------------------------------------------------------------------------
---------------------------------------------------------------------------------
Finished Cross Boundary and Area Optimization : Time (s): cpu = 00:00:15 ; elapsed = 00:00:15 . Memory (MB): peak = 1407.078 ; gain = 244.703
---------------------------------------------------------------------------------
---------------------------------------------------------------------------------
Start ROM, RAM, DSP, Shift Register and Retiming Reporting
---------------------------------------------------------------------------------

Block RAM: Preliminary Mapping	Report (see note below)
+------------------------+-------------------------+------------------------+---+---+------------------------+---+---+------------------+--------+--------+
|Module Name             | RTL Object              | PORT A (Depth x Width) | W | R | PORT B (Depth x Width) | W | R | Ports driving FF | RAMB18 | RAMB36 | 
+------------------------+-------------------------+------------------------+---+---+------------------------+---+---+------------------+--------+--------+
|sintesis_MIPSMulticiclo | MIPs/RD/mem/mem/ram_reg | 512 x 32(WRITE_FIRST)  | W | R |                        |   |   | Port A           | 1      | 0      | 
+------------------------+-------------------------+------------------------+---+---+------------------------+---+---+------------------+--------+--------+

Note: The table above is a preliminary report that shows the Block RAMs at the current stage of the synthesis flow. Some Block RAMs may be reimplemented as non Block RAM primitives later in the synthesis flow. Multiple instantiated Block RAMs are reported only once. 
---------------------------------------------------------------------------------
Finished ROM, RAM, DSP, Shift Register and Retiming Reporting
---------------------------------------------------------------------------------
---------------------------------------------------------------------------------
Start Applying XDC Timing Constraints
---------------------------------------------------------------------------------
---------------------------------------------------------------------------------
Finished Applying XDC Timing Constraints : Time (s): cpu = 00:00:20 ; elapsed = 00:00:20 . Memory (MB): peak = 1407.078 ; gain = 244.703
---------------------------------------------------------------------------------
---------------------------------------------------------------------------------
Start Timing Optimization
---------------------------------------------------------------------------------
---------------------------------------------------------------------------------
Finished Timing Optimization : Time (s): cpu = 00:00:26 ; elapsed = 00:00:26 . Memory (MB): peak = 1545.453 ; gain = 383.078
---------------------------------------------------------------------------------
---------------------------------------------------------------------------------
Start ROM, RAM, DSP, Shift Register and Retiming Reporting
---------------------------------------------------------------------------------

Block RAM: Final Mapping	Report
+------------------------+-------------------------+------------------------+---+---+------------------------+---+---+------------------+--------+--------+
|Module Name             | RTL Object              | PORT A (Depth x Width) | W | R | PORT B (Depth x Width) | W | R | Ports driving FF | RAMB18 | RAMB36 | 
+------------------------+-------------------------+------------------------+---+---+------------------------+---+---+------------------+--------+--------+
|sintesis_MIPSMulticiclo | MIPs/RD/mem/mem/ram_reg | 512 x 32(WRITE_FIRST)  | W | R |                        |   |   | Port A           | 1      | 0      | 
+------------------------+-------------------------+------------------------+---+---+------------------------+---+---+------------------+--------+--------+

---------------------------------------------------------------------------------
Finished ROM, RAM, DSP, Shift Register and Retiming Reporting
---------------------------------------------------------------------------------
---------------------------------------------------------------------------------
Start Technology Mapping
---------------------------------------------------------------------------------
INFO: [Synth 8-7052] The timing for the instance MIPs/RD/mem/mem/ram_reg (implemented as a Block RAM) might be sub-optimal as no optional output register could be merged into the ram block. Providing additional output register may help in improving timing.
INFO: [Synth 8-7052] The timing for the instance MIPs/RD/mem/mem/ram_reg (implemented as a Block RAM) might be sub-optimal as no optional output register could be merged into the ram block. Providing additional output register may help in improving timing.
---------------------------------------------------------------------------------
Finished Technology Mapping : Time (s): cpu = 00:00:27 ; elapsed = 00:00:27 . Memory (MB): peak = 1546.496 ; gain = 384.121
---------------------------------------------------------------------------------
---------------------------------------------------------------------------------
Start IO Insertion
---------------------------------------------------------------------------------
---------------------------------------------------------------------------------
Start Flattening Before IO Insertion
---------------------------------------------------------------------------------
---------------------------------------------------------------------------------
Finished Flattening Before IO Insertion
---------------------------------------------------------------------------------
---------------------------------------------------------------------------------
Start Final Netlist Cleanup
---------------------------------------------------------------------------------
---------------------------------------------------------------------------------
Finished Final Netlist Cleanup
---------------------------------------------------------------------------------
---------------------------------------------------------------------------------
Finished IO Insertion : Time (s): cpu = 00:00:30 ; elapsed = 00:00:30 . Memory (MB): peak = 1546.496 ; gain = 384.121
---------------------------------------------------------------------------------
---------------------------------------------------------------------------------
Start Renaming Generated Instances
---------------------------------------------------------------------------------
---------------------------------------------------------------------------------
Finished Renaming Generated Instances : Time (s): cpu = 00:00:30 ; elapsed = 00:00:30 . Memory (MB): peak = 1546.496 ; gain = 384.121
---------------------------------------------------------------------------------
---------------------------------------------------------------------------------
Start Rebuilding User Hierarchy
---------------------------------------------------------------------------------
---------------------------------------------------------------------------------
Finished Rebuilding User Hierarchy : Time (s): cpu = 00:00:30 ; elapsed = 00:00:30 . Memory (MB): peak = 1546.496 ; gain = 384.121
---------------------------------------------------------------------------------
---------------------------------------------------------------------------------
Start Renaming Generated Ports
---------------------------------------------------------------------------------
---------------------------------------------------------------------------------
Finished Renaming Generated Ports : Time (s): cpu = 00:00:30 ; elapsed = 00:00:30 . Memory (MB): peak = 1546.496 ; gain = 384.121
---------------------------------------------------------------------------------
---------------------------------------------------------------------------------
Start Handling Custom Attributes
---------------------------------------------------------------------------------
---------------------------------------------------------------------------------
Finished Handling Custom Attributes : Time (s): cpu = 00:00:30 ; elapsed = 00:00:30 . Memory (MB): peak = 1546.496 ; gain = 384.121
---------------------------------------------------------------------------------
---------------------------------------------------------------------------------
Start Renaming Generated Nets
---------------------------------------------------------------------------------
---------------------------------------------------------------------------------
Finished Renaming Generated Nets : Time (s): cpu = 00:00:30 ; elapsed = 00:00:30 . Memory (MB): peak = 1546.496 ; gain = 384.121
---------------------------------------------------------------------------------
---------------------------------------------------------------------------------
Start Writing Synthesis Report
---------------------------------------------------------------------------------

Report BlackBoxes: 
+------+-----------------+----------+
|      |BlackBox name    |Instances |
+------+-----------------+----------+
|1     |DCM_100MHz_10MHz |         1|
+------+-----------------+----------+

Report Cell Usage: 
+------+----------------------+------+
|      |Cell                  |Count |
+------+----------------------+------+
|1     |DCM_100MHz_10MHz_bbox |     1|
|2     |CARRY4                |    27|
|3     |LUT1                  |     2|
|4     |LUT2                  |    10|
|5     |LUT3                  |    57|
|6     |LUT4                  |   101|
|7     |LUT5                  |   107|
|8     |LUT6                  |   749|
|9     |MUXF7                 |   286|
|10    |RAMB18E1              |     1|
|11    |FDCE                  |  1224|
|12    |FDPE                  |     3|
|13    |FDRE                  |    20|
|14    |IBUF                  |     3|
|15    |OBUF                  |    11|
+------+----------------------+------+
---------------------------------------------------------------------------------
Finished Writing Synthesis Report : Time (s): cpu = 00:00:30 ; elapsed = 00:00:30 . Memory (MB): peak = 1546.496 ; gain = 384.121
---------------------------------------------------------------------------------
Synthesis finished with 0 errors, 0 critical warnings and 0 warnings.
Synthesis Optimization Runtime : Time (s): cpu = 00:00:24 ; elapsed = 00:00:28 . Memory (MB): peak = 1546.496 ; gain = 261.703
Synthesis Optimization Complete : Time (s): cpu = 00:00:31 ; elapsed = 00:00:31 . Memory (MB): peak = 1546.496 ; gain = 384.121
INFO: [Project 1-571] Translating synthesized netlist
Netlist sorting complete. Time (s): cpu = 00:00:00 ; elapsed = 00:00:00.034 . Memory (MB): peak = 1558.410 ; gain = 0.000
INFO: [Netlist 29-17] Analyzing 314 Unisim elements for replacement
INFO: [Netlist 29-28] Unisim Transformation completed in 0 CPU seconds
INFO: [Project 1-570] Preparing netlist for logic optimization
INFO: [Opt 31-140] Inserted 1 IBUFs to IO ports without IO buffers.
INFO: [Opt 31-138] Pushed 0 inverter(s) to 0 load pin(s).
Netlist sorting complete. Time (s): cpu = 00:00:00 ; elapsed = 00:00:00 . Memory (MB): peak = 1558.410 ; gain = 0.000
INFO: [Project 1-111] Unisim Transformation Summary:
No Unisim elements were transformed.

INFO: [Common 17-83] Releasing license: Synthesis
81 Infos, 0 Warnings, 0 Critical Warnings and 0 Errors encountered.
synth_design completed successfully
synth_design: Time (s): cpu = 00:00:35 ; elapsed = 00:00:37 . Memory (MB): peak = 1558.410 ; gain = 396.035
INFO: [Common 17-1381] The checkpoint 'C:/Users/usuario_local/Desktop/MIPSMulticiclo_R3yModoDepuracion/MIPSMulticiclo_R3yModoDepuracion.runs/synth_1/sintesis_MIPSMulticiclo.dcp' has been generated.
INFO: [runtcl-4] Executing : report_utilization -file sintesis_MIPSMulticiclo_utilization_synth.rpt -pb sintesis_MIPSMulticiclo_utilization_synth.pb
INFO: [Common 17-206] Exiting Vivado at Tue Dec 14 10:23:19 2021...
