
*** Running vivado
    with args -log mult8b.vds -m64 -product Vivado -mode batch -messageDb vivado.pb -notrace -source mult8b.tcl



****** Vivado v2020.2 (64-bit)
  **** SW Build 3064766 on Wed Nov 18 09:12:45 MST 2020
  **** IP Build 3064653 on Wed Nov 18 14:17:31 MST 2020
    ** Copyright 1986-2020 Xilinx, Inc. All Rights Reserved.

source mult8b.tcl -notrace
Command: synth_design -top mult8b -part xc7a35tcpg236-1
Starting synth_design
Attempting to get a license for feature 'Synthesis' and/or device 'xc7a35t'
INFO: [Common 17-349] Got license for feature 'Synthesis' and/or device 'xc7a35t'
INFO: [Device 21-403] Loading part xc7a35tcpg236-1
INFO: [Synth 8-7079] Multithreading enabled for synth_design using a maximum of 2 processes.
INFO: [Synth 8-7078] Launching helper process for spawning children vivado processes
INFO: [Synth 8-7075] Helper process launched with PID 19896
---------------------------------------------------------------------------------
Starting RTL Elaboration : Time (s): cpu = 00:00:04 ; elapsed = 00:00:04 . Memory (MB): peak = 1017.547 ; gain = 0.000
---------------------------------------------------------------------------------
INFO: [Synth 8-638] synthesizing module 'mult8b' [C:/hlocal/multiplicadorparte2/multiplicadorparte2.srcs/sources_1/new/mult8b.vhd:14]
INFO: [Synth 8-3491] module 'sumador' declared at 'C:/hlocal/multiplicadorparte2/multiplicadorparte2.srcs/sources_1/imports/P1a/sumador.vhd:6' bound to instance 'sum1' of component 'sumador' [C:/hlocal/multiplicadorparte2/multiplicadorparte2.srcs/sources_1/new/mult8b.vhd:38]
INFO: [Synth 8-638] synthesizing module 'sumador' [C:/hlocal/multiplicadorparte2/multiplicadorparte2.srcs/sources_1/imports/P1a/sumador.vhd:14]
INFO: [Synth 8-256] done synthesizing module 'sumador' (1#1) [C:/hlocal/multiplicadorparte2/multiplicadorparte2.srcs/sources_1/imports/P1a/sumador.vhd:14]
INFO: [Synth 8-3491] module 'sumador' declared at 'C:/hlocal/multiplicadorparte2/multiplicadorparte2.srcs/sources_1/imports/P1a/sumador.vhd:6' bound to instance 'sum2' of component 'sumador' [C:/hlocal/multiplicadorparte2/multiplicadorparte2.srcs/sources_1/new/mult8b.vhd:39]
INFO: [Synth 8-3491] module 'sumador' declared at 'C:/hlocal/multiplicadorparte2/multiplicadorparte2.srcs/sources_1/imports/P1a/sumador.vhd:6' bound to instance 'sum3' of component 'sumador' [C:/hlocal/multiplicadorparte2/multiplicadorparte2.srcs/sources_1/new/mult8b.vhd:40]
INFO: [Synth 8-256] done synthesizing module 'mult8b' (2#1) [C:/hlocal/multiplicadorparte2/multiplicadorparte2.srcs/sources_1/new/mult8b.vhd:14]
---------------------------------------------------------------------------------
Finished RTL Elaboration : Time (s): cpu = 00:00:05 ; elapsed = 00:00:05 . Memory (MB): peak = 1017.547 ; gain = 0.000
---------------------------------------------------------------------------------
---------------------------------------------------------------------------------
Start Handling Custom Attributes
---------------------------------------------------------------------------------
---------------------------------------------------------------------------------
Finished Handling Custom Attributes : Time (s): cpu = 00:00:05 ; elapsed = 00:00:05 . Memory (MB): peak = 1017.547 ; gain = 0.000
---------------------------------------------------------------------------------
---------------------------------------------------------------------------------
Finished RTL Optimization Phase 1 : Time (s): cpu = 00:00:05 ; elapsed = 00:00:05 . Memory (MB): peak = 1017.547 ; gain = 0.000
---------------------------------------------------------------------------------
Netlist sorting complete. Time (s): cpu = 00:00:00 ; elapsed = 00:00:00 . Memory (MB): peak = 1017.547 ; gain = 0.000
INFO: [Project 1-570] Preparing netlist for logic optimization

Processing XDC Constraints
Initializing timing engine
Parsing XDC File [C:/hlocal/multiplicadorparte2/multiplicadorparte2.srcs/constrs_1/imports/P1a/Basys3_Master.xdc]
INFO: [Constraints 18-483] create_clock: no pin(s)/port(s)/net(s) specified as objects, only virtual clock 'sys_clk_pin' will be created. If you don't want this, please specify pin(s)/ports(s)/net(s) as objects to the command. [C:/hlocal/multiplicadorparte2/multiplicadorparte2.srcs/constrs_1/imports/P1a/Basys3_Master.xdc:9]
CRITICAL WARNING: [Common 17-163] Missing value for option 'objects', please type 'set_output_delay -help' for usage info. [C:/hlocal/multiplicadorparte2/multiplicadorparte2.srcs/constrs_1/imports/P1a/Basys3_Master.xdc:15]
Finished Parsing XDC File [C:/hlocal/multiplicadorparte2/multiplicadorparte2.srcs/constrs_1/imports/P1a/Basys3_Master.xdc]
INFO: [Project 1-236] Implementation specific constraints were found while reading constraint file [C:/hlocal/multiplicadorparte2/multiplicadorparte2.srcs/constrs_1/imports/P1a/Basys3_Master.xdc]. These constraints will be ignored for synthesis but will be used in implementation. Impacted constraints are listed in the file [.Xil/mult8b_propImpl.xdc].
Resolution: To avoid this warning, move constraints listed in [.Xil/mult8b_propImpl.xdc] to another XDC file and exclude this new file from synthesis with the used_in_synthesis property (File Properties dialog in GUI) and re-run elaboration/synthesis.
Completed Processing XDC Constraints

Netlist sorting complete. Time (s): cpu = 00:00:00 ; elapsed = 00:00:00 . Memory (MB): peak = 1017.547 ; gain = 0.000
INFO: [Project 1-111] Unisim Transformation Summary:
No Unisim elements were transformed.

Constraint Validation Runtime : Time (s): cpu = 00:00:00 ; elapsed = 00:00:00.002 . Memory (MB): peak = 1017.547 ; gain = 0.000
---------------------------------------------------------------------------------
Finished Constraint Validation : Time (s): cpu = 00:00:10 ; elapsed = 00:00:11 . Memory (MB): peak = 1017.547 ; gain = 0.000
---------------------------------------------------------------------------------
---------------------------------------------------------------------------------
Start Loading Part and Timing Information
---------------------------------------------------------------------------------
Loading part: xc7a35tcpg236-1
---------------------------------------------------------------------------------
Finished Loading Part and Timing Information : Time (s): cpu = 00:00:10 ; elapsed = 00:00:11 . Memory (MB): peak = 1017.547 ; gain = 0.000
---------------------------------------------------------------------------------
---------------------------------------------------------------------------------
Start Applying 'set_property' XDC Constraints
---------------------------------------------------------------------------------
---------------------------------------------------------------------------------
Finished applying 'set_property' XDC Constraints : Time (s): cpu = 00:00:10 ; elapsed = 00:00:11 . Memory (MB): peak = 1017.547 ; gain = 0.000
---------------------------------------------------------------------------------
---------------------------------------------------------------------------------
Finished RTL Optimization Phase 2 : Time (s): cpu = 00:00:11 ; elapsed = 00:00:11 . Memory (MB): peak = 1017.547 ; gain = 0.000
---------------------------------------------------------------------------------
---------------------------------------------------------------------------------
Start RTL Component Statistics 
---------------------------------------------------------------------------------
Detailed RTL Component Info : 
+---Adders : 
	   2 Input    8 Bit       Adders := 3     
---------------------------------------------------------------------------------
Finished RTL Component Statistics 
---------------------------------------------------------------------------------
---------------------------------------------------------------------------------
Start Part Resource Summary
---------------------------------------------------------------------------------
Part Resources:
DSPs: 90 (col length:60)
BRAMs: 100 (col length: RAMB18 60 RAMB36 30)
---------------------------------------------------------------------------------
Finished Part Resource Summary
---------------------------------------------------------------------------------
---------------------------------------------------------------------------------
Start Cross Boundary and Area Optimization
---------------------------------------------------------------------------------
---------------------------------------------------------------------------------
Finished Cross Boundary and Area Optimization : Time (s): cpu = 00:00:12 ; elapsed = 00:00:12 . Memory (MB): peak = 1017.547 ; gain = 0.000
---------------------------------------------------------------------------------
---------------------------------------------------------------------------------
Start Applying XDC Timing Constraints
---------------------------------------------------------------------------------
---------------------------------------------------------------------------------
Finished Applying XDC Timing Constraints : Time (s): cpu = 00:00:17 ; elapsed = 00:00:18 . Memory (MB): peak = 1025.066 ; gain = 7.520
---------------------------------------------------------------------------------
---------------------------------------------------------------------------------
Start Timing Optimization
---------------------------------------------------------------------------------
---------------------------------------------------------------------------------
Finished Timing Optimization : Time (s): cpu = 00:00:17 ; elapsed = 00:00:18 . Memory (MB): peak = 1025.066 ; gain = 7.520
---------------------------------------------------------------------------------
---------------------------------------------------------------------------------
Start Technology Mapping
---------------------------------------------------------------------------------
---------------------------------------------------------------------------------
Finished Technology Mapping : Time (s): cpu = 00:00:17 ; elapsed = 00:00:18 . Memory (MB): peak = 1044.156 ; gain = 26.609
---------------------------------------------------------------------------------
---------------------------------------------------------------------------------
Start IO Insertion
---------------------------------------------------------------------------------
---------------------------------------------------------------------------------
Start Flattening Before IO Insertion
---------------------------------------------------------------------------------
---------------------------------------------------------------------------------
Finished Flattening Before IO Insertion
---------------------------------------------------------------------------------
---------------------------------------------------------------------------------
Start Final Netlist Cleanup
---------------------------------------------------------------------------------
---------------------------------------------------------------------------------
Finished Final Netlist Cleanup
---------------------------------------------------------------------------------
---------------------------------------------------------------------------------
Finished IO Insertion : Time (s): cpu = 00:00:20 ; elapsed = 00:00:21 . Memory (MB): peak = 1050.953 ; gain = 33.406
---------------------------------------------------------------------------------
---------------------------------------------------------------------------------
Start Renaming Generated Instances
---------------------------------------------------------------------------------
---------------------------------------------------------------------------------
Finished Renaming Generated Instances : Time (s): cpu = 00:00:20 ; elapsed = 00:00:21 . Memory (MB): peak = 1050.953 ; gain = 33.406
---------------------------------------------------------------------------------
---------------------------------------------------------------------------------
Start Rebuilding User Hierarchy
---------------------------------------------------------------------------------
---------------------------------------------------------------------------------
Finished Rebuilding User Hierarchy : Time (s): cpu = 00:00:20 ; elapsed = 00:00:21 . Memory (MB): peak = 1050.953 ; gain = 33.406
---------------------------------------------------------------------------------
---------------------------------------------------------------------------------
Start Renaming Generated Ports
---------------------------------------------------------------------------------
---------------------------------------------------------------------------------
Finished Renaming Generated Ports : Time (s): cpu = 00:00:20 ; elapsed = 00:00:21 . Memory (MB): peak = 1050.953 ; gain = 33.406
---------------------------------------------------------------------------------
---------------------------------------------------------------------------------
Start Handling Custom Attributes
---------------------------------------------------------------------------------
---------------------------------------------------------------------------------
Finished Handling Custom Attributes : Time (s): cpu = 00:00:20 ; elapsed = 00:00:21 . Memory (MB): peak = 1050.953 ; gain = 33.406
---------------------------------------------------------------------------------
---------------------------------------------------------------------------------
Start Renaming Generated Nets
---------------------------------------------------------------------------------
---------------------------------------------------------------------------------
Finished Renaming Generated Nets : Time (s): cpu = 00:00:20 ; elapsed = 00:00:21 . Memory (MB): peak = 1050.953 ; gain = 33.406
---------------------------------------------------------------------------------
---------------------------------------------------------------------------------
Start Writing Synthesis Report
---------------------------------------------------------------------------------

Report BlackBoxes: 
+-+--------------+----------+
| |BlackBox name |Instances |
+-+--------------+----------+
+-+--------------+----------+

Report Cell Usage: 
+------+-----+------+
|      |Cell |Count |
+------+-----+------+
|1     |LUT2 |     4|
|2     |IBUF |     8|
|3     |OBUF |     8|
+------+-----+------+
---------------------------------------------------------------------------------
Finished Writing Synthesis Report : Time (s): cpu = 00:00:20 ; elapsed = 00:00:21 . Memory (MB): peak = 1050.953 ; gain = 33.406
---------------------------------------------------------------------------------
Synthesis finished with 0 errors, 0 critical warnings and 0 warnings.
Synthesis Optimization Runtime : Time (s): cpu = 00:00:13 ; elapsed = 00:00:19 . Memory (MB): peak = 1050.953 ; gain = 33.406
Synthesis Optimization Complete : Time (s): cpu = 00:00:20 ; elapsed = 00:00:21 . Memory (MB): peak = 1050.953 ; gain = 33.406
INFO: [Project 1-571] Translating synthesized netlist
Netlist sorting complete. Time (s): cpu = 00:00:00 ; elapsed = 00:00:00 . Memory (MB): peak = 1062.016 ; gain = 0.000
INFO: [Project 1-570] Preparing netlist for logic optimization
INFO: [Opt 31-138] Pushed 0 inverter(s) to 0 load pin(s).
Netlist sorting complete. Time (s): cpu = 00:00:00 ; elapsed = 00:00:00 . Memory (MB): peak = 1068.605 ; gain = 0.000
INFO: [Project 1-111] Unisim Transformation Summary:
No Unisim elements were transformed.

INFO: [Common 17-83] Releasing license: Synthesis
21 Infos, 0 Warnings, 1 Critical Warnings and 0 Errors encountered.
synth_design completed successfully
synth_design: Time (s): cpu = 00:00:25 ; elapsed = 00:00:26 . Memory (MB): peak = 1068.605 ; gain = 51.059
INFO: [runtcl-6] Synthesis results are not added to the cache due to CRITICAL_WARNING
INFO: [Common 17-1381] The checkpoint 'C:/hlocal/multiplicadorparte2/multiplicadorparte2.runs/synth_1/mult8b.dcp' has been generated.
INFO: [runtcl-4] Executing : report_utilization -file mult8b_utilization_synth.rpt -pb mult8b_utilization_synth.pb
INFO: [Common 17-206] Exiting Vivado at Mon Oct 25 23:01:08 2021...
